[www.reservhotel.com/win/owa/ibe5_roomsd831.html]
[backblue.gif]
[fade.gif]
[index.html]
[maxcdn.bootstrapcdn.com/bootstrap/4.0.0-alpha.6/css/bootstrap.min.css]
[www.reservhotel.com/ibe5/assets/css/bootstrap.min.css]
[www.reservhotel.com/ibe5/assets/css/flexslider.css]
[www.reservhotel.com/ibe5/assets/css/jquery.fancybox.css]
[www.reservhotel.com/ibe5/assets/css/font_awesome/css/font-awesome.min.css]
[www.reservhotel.com/ibe5/assets/css/index.css]
[www.reservhotel.com/ibe5/assets/css/rooms.css]
[www.reservhotel.com/ibe5/assets/css/modal_index.css]
[www.reservhotel.com/ibe5/assets/css/owl.carousel.min.css]
[www.reservhotel.com/ibe5/assets/js/jquery-3.5.1.min.js]
[www.reservhotel.com/ibe5/assets/js/libs/jquery-ui-1.10.3.custom.min.js]
[www.reservhotel.com/ibe5/assets/js/libs/bootstrap.min.js]
[www.reservhotel.com/ibe5/assets/js/libs/picture.js]
[www.reservhotel.com/ibe5/assets/js/script-ck.js]
[www.reservhotel.com/ibe5/assets/js/libs/jquery.fancybox.pack.js]
[www.reservhotel.com/ibe5/assets/js/libs/jquery.flexslider.min.js]
[www.reservhotel.com/ibe5/assets/js/libs/jquery.cookie.js]
[cdnjs.cloudflare.com/ajax/libs/tether/1.4.3/js/tether.min.js]
[maxcdn.bootstrapcdn.com/bootstrap/4.0.0-alpha.6/js/bootstrap.min.js]
[www.reservhotel.com/ibe5/assets/css/fancybox_overlay.png]
[www.reservhotel.com/win/owa/imagenes/bg.png]
[www.reservhotel.com/hotel_images_fastlink/10224/hcmYT.jpg]
[www.reservhotel.com/hotel_images_fastlink/10224/GzZH7.jpg]
[www.reservhotel.com/hotel_images_fastlink/10224/8HVB4.jpg]
[www.reservhotel.com/ibe5/assets/images/right-arrow-selected.png]
[www.google-analytics.com/analytics.js]
[www.reservhotel.com/win/owa/linkid.js]
[www.google.com/recaptcha/api8027.js]
[www.reservhotel.com/cdn-cgi/bm/cv/669835187/api.js]
[www.reservhotel.com/ibe5/assets/images/fancybox-close-btn.png]
[www.reservhotel.com/ibe5/assets/images/icon_hamburgermenu.png]
[www.reservhotel.com/html/airlink/Images/cflags/mx.svg]
[www.reservhotel.com/html/airlink/Images/cflags/us.svg]
[www.reservhotel.com/win/owa/ibe51cae.html]
[www.reservhotel.com/ibe5/assets/images/secure-shopping.png]
[www.reservhotel.com/ibe4/assets/images/rhlogo.png]
[www.reservhotel.com/hotel_images_fastlink/10224/Yfogs1.jpg]
[www.reservhotel.com/hotel_images_fastlink/10224/Yfogs2.jpg]
[www.reservhotel.com/hotel_images_fastlink/10224/Yfogs3.jpg]
[www.reservhotel.com/hotel_images_fastlink/10224/AaWym.jpg]
[www.reservhotel.com/cdn-cgi/scripts/5c5dd728/cloudflare-static/email-decode.min.js]
[www.reservhotel.com/win/owa/ibe5e531.html]
[connect.facebook.net/en_US/fbevents.js]
[www.facebook.com/trbd00.gif]
[cdn.uplift-platform.com/a/up.js]
[api.cartstack.com/js/customer-tracking/www.pueblobonito.comresortssunset-beach_2c85bcb2c5ff8649d7df4a815b6a9b95.js]
[www.reservhotel.com/win/owa/ibe5_roomsd831.html]
[fonts.googleapis.com/css3f04.css]
[www.reservhotel.com/hotel_fastlink_js/10224.js]
[www.reservhotel.com/ibe5/assets/css/index2ca0.css]
[www.reservhotel.com/ibe5/assets/css/style-m.css]
[www.reservhotel.com/ibe5/assets/js/libs/datepicker_extension_min.js]
[www.reservhotel.com/ibe5/assets/js/libs/jquery.fancybox.pack.min.js]
[www.reservhotel.com/win/owa/ibe572bc.javascript]
[www.reservhotel.com/hotel_images_fastlink/10224/998.jpg]
[www.reservhotel.com/ibe5/assets/images/loader/page-load-bar-loop.gif]
[www.reservhotel.com/ibe5/assets/js/new_owl.js]
[www.reservhotel.com/ibe5/assets/js/owl.carousel.min.js]
[www.reservhotel.com/ibe5/assets/js/slider.js]
[www.reservhotel.com/win/owa/ibe51cae.html]
[www.reservhotel.com/win/owa/ibe5e6e7.javascript]
[www.reservhotel.com/win/owa/ibe592f9.html]
[www.reservhotel.com/win/owa/ibe56108.html]
[www.reservhotel.com/win/owa/ibe56ba2.html]
[www.reservhotel.com/win/owa/ibe5e531.html]
[www.reservhotel.com/win/owa/ibe5606d.html]
[www.reservhotel.com/hotel_fastlink_js/10226.js]
[www.reservhotel.com/hotel_images_fastlink/10226/kvz1e.jpg]
[www.reservhotel.com/hotel_images_fastlink/10226/Pbw0d.jpg]
[www.reservhotel.com/hotel_images_fastlink/10226/8qpxY.jpg]
[www.reservhotel.com/win/owa/ibe5004e.javascript]
[www.reservhotel.com/hotel_images_fastlink/10226/997.jpg]
[www.reservhotel.com/win/owa/ibe592f9.html]
[api.cartstack.com/js/customer-tracking/www.pueblobonito.comresortsrose_51a8a06dcf0a0380984e5a0f3734b810.js]
[www.reservhotel.com/hotel_fastlink_js/10227.js]
[www.reservhotel.com/hotel_images_fastlink/10227/aZkHi.jpg]
[www.reservhotel.com/hotel_images_fastlink/10227/nLroe.jpg]
[www.reservhotel.com/hotel_images_fastlink/10227/lUPI2.jpg]
[www.reservhotel.com/win/owa/ibe582b3.javascript]
[www.reservhotel.com/hotel_images_fastlink/10227/1003.jpg]
[api.cartstack.com/js/customer-tracking/www.pueblobonito.comresortslos-cabos_87e2003f5f1bff9585c8186d120c756f.js]
[www.reservhotel.com/win/owa/ibe56108.html]
[www.reservhotel.com/hotel_fastlink_js/10225.js]
[www.reservhotel.com/hotel_images_fastlink/10225/GtWep.jpg]
[www.reservhotel.com/hotel_images_fastlink/10225/kRiLQ.jpg]
[www.reservhotel.com/hotel_images_fastlink/10225/VX7WK.jpg]
[www.reservhotel.com/win/owa/ibe58ad6.javascript]
[www.reservhotel.com/hotel_images_fastlink/10225/1002.jpg]
[www.reservhotel.com/hotel_images_fastlink/10225/3932.jpg]
[api.cartstack.com/js/customer-tracking/www.pueblobonito.comresortspacifica_f2db85362102b87758e63accb79f8363.js]
[www.reservhotel.com/win/owa/ibe56ba2.html]
[www.reservhotel.com/hotel_fastlink_js/10304.js]
[www.reservhotel.com/hotel_images_fastlink/10304/5FqrS.jpg]
[www.reservhotel.com/hotel_images_fastlink/10304/X9aWV.jpg]
[www.reservhotel.com/hotel_images_fastlink/10304/wcVe3.jpg]
[www.reservhotel.com/win/owa/ibe59d13.javascript]
[www.reservhotel.com/hotel_images_fastlink/10304/1006.jpg]
[api.cartstack.com/js/customer-tracking/www.pueblobonito.comresortsmontecristo-estates_59fa28e2f104be257c30d6d5e238e056.js]
[www.reservhotel.com/win/owa/ibe5606d.html]
[www.reservhotel.com/ibe5/assets/js/jquery-3.5.1.min.js]
[www.reservhotel.com/ibe5/assets/js/libs/jquery-ui-1.10.3.custom.min.js]
[www.reservhotel.com/ibe5/assets/js/libs/bootstrap.min.js]
[www.reservhotel.com/ibe5/assets/js/libs/picture.js]
[maxcdn.bootstrapcdn.com/bootstrap/4.0.0-alpha.6/css/bootstrap.min.css]
[www.reservhotel.com/ibe5/assets/js/libs/jquery.flexslider.min.js]
[www.reservhotel.com/ibe5/assets/css/bootstrap.min.css]
[www.reservhotel.com/ibe5/assets/js/libs/jquery.fancybox.pack.js]
[www.reservhotel.com/ibe5/assets/js/script-ck.js]
[www.reservhotel.com/ibe5/assets/js/libs/jquery.cookie.js]
[cdnjs.cloudflare.com/ajax/libs/tether/1.4.3/js/tether.min.js]
[maxcdn.bootstrapcdn.com/bootstrap/4.0.0-alpha.6/js/bootstrap.min.js]
[www.reservhotel.com/hotel_images_fastlink/10224/hcmYT.jpg]
[www.reservhotel.com/hotel_images_fastlink/10224/GzZH7.jpg]
[www.reservhotel.com/ibe5/assets/css/fonts/flexslider-icon.eot]
[www.reservhotel.com/ibe5/assets/images/secure-shopping.png]
[www.google.com/recaptcha/api8027.js]
[www.reservhotel.com/ibe5/assets/css/fonts/flexslider-icond41d.eot]
[cdn.uplift-platform.com/a/up.js]
[www.reservhotel.com/hotel_images_fastlink/10224/Yfogs2.jpg]
[www.reservhotel.com/ibe5/assets/css/fonts/flexslider-icon.woff]
[www.reservhotel.com/ibe5/assets/js/libs/datepicker_extension_min.js]
[www.reservhotel.com/win/owa/ibe572bc.javascript]
[www.reservhotel.com/ibe5/assets/images/loader/page-load-bar-loop.gif]
[www.reservhotel.com/ibe5/assets/css/fonts/flexslider-icon.ttf]
[www.reservhotel.com/ibe5/assets/js/new_owl.js]
[www.reservhotel.com/ibe5/assets/js/owl.carousel.min.js]
[www.reservhotel.com/hotel_images_fastlink/10226/kvz1e.jpg]
[www.reservhotel.com/win/owa/ibe5e6e7.javascript]
[www.reservhotel.com/ibe5/assets/css/fonts/flexslider-icon.svg]
[www.reservhotel.com/ibe5/assets/css/flexslider.css]
[www.reservhotel.com/hotel_images_fastlink/10226/Pbw0d.jpg]
[www.reservhotel.com/hotel_images_fastlink/10227/aZkHi.jpg]
[www.reservhotel.com/win/owa/ibe5004e.javascript]
[www.reservhotel.com/hotel_fastlink_js/10225.js]
[www.reservhotel.com/win/owa/ibe582b3.javascript]
[www.reservhotel.com/ibe5/assets/css/fancybox_sprite.png]
[www.reservhotel.com/hotel_images_fastlink/10225/kRiLQ.jpg]
[www.reservhotel.com/hotel_images_fastlink/10225/GtWep.jpg]
[www.reservhotel.com/win/owa/ibe58ad6.javascript]
[www.reservhotel.com/ibe5/assets/css/fancybox_loading.gif]
[www.reservhotel.com/hotel_fastlink_js/10304.js]
[www.reservhotel.com/hotel_images_fastlink/10304/5FqrS.jpg]
[www.reservhotel.com/hotel_images_fastlink/10304/X9aWV.jpg]
[www.reservhotel.com/win/owa/ibe59d13.javascript]
[www.reservhotel.com/ibe5/assets/css/blank.gif]
[www.reservhotel.com/ibe5/assets/css/fonts/flexslider-icon.eot]
[www.reservhotel.com/ibe5/assets/css/fonts/flexslider-icond41d.eot]
[www.reservhotel.com/ibe5/assets/css/fonts/flexslider-icon.woff]
[www.reservhotel.com/ibe5/assets/css/fonts/flexslider-icon.ttf]
[www.reservhotel.com/ibe5/assets/css/fancybox_sprite@2x.png]
[www.reservhotel.com/ibe5/assets/css/fancybox_loading@2x.gif]
[www.reservhotel.com/ibe5/assets/css/jquery.fancybox.css]
[www.reservhotel.com/ibe5/assets/css/font_awesome/css/font-awesome.min.css]
[www.reservhotel.com/ibe5/assets/css/stylenew.css]
[www.reservhotel.com/ibe5/assets/css/font_awesome/fonts/fontawesome-webfont3e6e.svg]
[www.reservhotel.com/ibe5/assets/css/header.css]
[www.reservhotel.com/ibe5/assets/css/breadcrumb.css]
[www.reservhotel.com/ibe5/assets/css/footer.css]
[www.reservhotel.com/ibe5/assets/images/right-arrow-white.png]
[www.reservhotel.com/ibe5/assets/images/mini-arrow-down2.png]
[www.reservhotel.com/ibe5/assets/images/flecha_abajo_btn.png]
[www.reservhotel.com/ibe5/assets/images/cal-left.png]
[www.reservhotel.com/ibe5/assets/images/cal-right.png]
[www.reservhotel.com/ibe5/assets/css/index.css]
[www.reservhotel.com/ibe5/assets/images/layoutoption1_black_icon.png]
[www.reservhotel.com/ibe5/assets/images/layoutoption2_gray_icon.png]
[www.reservhotel.com/ibe5/assets/images/layoutoption2_black_icon.png]
[www.reservhotel.com/ibe5/assets/images/right-arrow-select.png]
[www.reservhotel.com/ibe5/assets/css/rooms.css]
[www.reservhotel.com/ibe5/assets/css/modal_index.css]
[www.reservhotel.com/ibe5/assets/css/owl.video.play.png]
[www.reservhotel.com/ibe5/assets/css/owl.carousel.min.css]
[www.reservhotel.com/win/owa/imagenes/bg.html]
[www.reservhotel.com/win/owa/linkid.html]
[www.reservhotel.com/html/airlink/Images/cflags/mx.svg]
[www.reservhotel.com/html/airlink/Images/cflags/us.svg]
[www.reservhotel.com/win/owa/c]
[www.reservhotel.com/win/owa/b]
[www.reservhotel.com/win/owa/POST]
[connect.facebook.net/en_US/fbevents.js]
[www.reservhotel.com/ibe5/assets/css/index2ca0.css]
[www.reservhotel.com/ibe5/assets/css/style-m.css]
[www.reservhotel.com/ibe5/assets/css/fonts/flexslider-icon.svg]
[www.reservhotel.com/ibe5/assets/css/font_awesome/fonts/fontawesome-webfont3e6e.svg]
[www.reservhotel.com/ibe5/assets/css/fonts/fira-sans/FiraSans-Regular.ttf]
[www.reservhotel.com/ibe5/assets/css/fonts/fira-sans/FiraSans-Bold.ttf]
[www.reservhotel.com/ibe5/assets/css/fonts/fira-sans/FiraSans-Thin.ttf]
[www.reservhotel.com/ibe5/assets/css/fonts/fira-sans/FiraSans-Light.ttf]
[www.reservhotel.com/ibe5/assets/css/fonts/fira-sans/FiraSans-Medium.ttf]
[www.reservhotel.com/ibe5/assets/css/fonts/fira-sans/FiraSans-Italic.ttf]
[www.reservhotel.com/ibe5/assets/css/fonts/fira-sans/FiraSans-SemiBold.ttf]
[www.reservhotel.com/ibe5/assets/css/fonts/fira-sans/FiraSans-ExtraLight.ttf]
[www.reservhotel.com/ibe5/assets/css/fonts/fira-sans/FiraSans-ExtraBold.ttf]
[www.reservhotel.com/ibe5/assets/css/fonts/fira-sans/FiraSans-Book.ttf]
[www.reservhotel.com/ibe5/assets/images/show-promotions.png]
[www.reservhotel.com/ibe5/assets/images/promos-tag-icon.png]
[www.reservhotel.com/ibe5/assets/images/email-icon.png]
[www.reservhotel.com/ibe5/assets/images/travel-sum-arrow-down.png]
[www.reservhotel.com/ibe5/assets/images/travel-sum-arrow-up.png]
[www.reservhotel.com/ibe5/assets/images/top-right-header-img-1440.jpg]
[www.reservhotel.com/ibe5/assets/images/us-flag.png]
[www.reservhotel.com/ibe5/assets/images/fr-flag.png]
[www.reservhotel.com/ibe5/assets/images/sp-flag.png]
[www.reservhotel.com/ibe5/assets/images/de-flag.png]
[www.reservhotel.com/ibe5/assets/images/po-flag.png]
[www.reservhotel.com/ibe5/assets/images/pol-flag.png]
[www.reservhotel.com/ibe5/assets/images/it-flag.png]
[www.reservhotel.com/ibe5/assets/images/nl-flag.png]
[www.reservhotel.com/ibe5/assets/images/cal-left-hover.png]
[www.reservhotel.com/ibe5/assets/images/cal-right-hover.png]
[www.reservhotel.com/ibe5/assets/images/pop-up-close.png]
[www.reservhotel.com/ibe5/assets/images/pop-up-close-hover.png]
[www.reservhotel.com/ibe5/assets/images/slider-big-left-arrow.png]
[www.reservhotel.com/ibe5/assets/images/long-dp-prev-up-arrow.png]
[www.reservhotel.com/ibe5/assets/images/slider-big-right-arrow.png]
[www.reservhotel.com/ibe5/assets/images/long-dp-next-down-arrow.png]
[www.reservhotel.com/ibe5/assets/images/slider-left-arrow.png]
[www.reservhotel.com/ibe5/assets/images/slider-left-arrow-hover.png]
[www.reservhotel.com/ibe5/assets/images/slider-right-arrow.png]
[www.reservhotel.com/ibe5/assets/images/slider-right-arrow-hover.png]
[www.reservhotel.com/ibe5/assets/images/fancybox-close-btn-hover.png]
[www.reservhotel.com/ibe5/assets/images/slider-nav-circ.png]
[www.reservhotel.com/ibe5/assets/images/slider-nav-circ-hover.png]
[www.reservhotel.com/ibe5/assets/images/hotel-remove-btn.png]
[www.reservhotel.com/ibe5/assets/images/hotel-remove-btn-hover.png]
[www.reservhotel.com/ibe5/assets/images/room-arrow-down.png]
[www.reservhotel.com/ibe5/assets/images/room-arrow-right.png]
[www.reservhotel.com/ibe5/assets/images/collapse-arrow-up.png]
[www.reservhotel.com/ibe5/assets/images/collapse-arrow-down.png]
[www.reservhotel.com/ibe5/assets/images/c-cards.png]
[www.reservhotel.com/ibe5/assets/images/green-help.png]
[www.reservhotel.com/ibe5/assets/images/gray-bullet.png]
[www.reservhotel.com/ibe5/assets/images/cal-icon.png]
[www.reservhotel.com/ibe5/assets/images/datedeparture_icon.png]
[www.reservhotel.com/ibe5/assets/images/datearrival_icon.png]
[www.reservhotel.com/ibe5/assets/images/time_icon.png]
[www.reservhotel.com/ibe5/assets/images/cruise.png]
[www.reservhotel.com/ibe5/assets/css/stylenew.css]
[www.reservhotel.com/ibe5/assets/images/icon_chat.png]
[www.reservhotel.com/ibe5/assets/images/icon_world.png]
[www.reservhotel.com/ibe5/assets/images/icon_coin.png]
[www.reservhotel.com/ibe5/assets/images/icon_coupon.png]
[www.reservhotel.com/ibe5/assets/css/header.css]
[www.reservhotel.com/ibe5/assets/images/flechapasos.png]
[www.reservhotel.com/ibe5/assets/css/breadcrumb.css]
[www.reservhotel.com/ibe5/assets/css/footer.css]
[www.reservhotel.com/ibe5/assets/images/flecha_abajo_btn.html]
[www.reservhotel.com/ibe5/assets/images/layoutoption1_black_icon.html]
[www.reservhotel.com/ibe5/assets/images/layoutoption2_gray_icon.html]
[www.reservhotel.com/ibe5/assets/images/layoutoption2_black_icon.html]
[www.reservhotel.com/ibe5/assets/css/owl.video.play.html]
[www.reservhotel.com/win/owa/c.html]
[www.reservhotel.com/win/owa/b.html]
[www.reservhotel.com/win/owa/POST.html]
[www.reservhotel.com/ibe5/assets/images/icon_world.html]
[www.reservhotel.com/win/owa/ibe592f9.html]
